0 info it worked if it ends with ok
1 verbose cli [ '/Users/mhmmd/.nvm/v6.3.1/bin/node',
1 verbose cli   '/Users/mhmmd/.nvm/v6.3.1/bin/npm',
1 verbose cli   'run',
1 verbose cli   'protractor' ]
2 info using npm@3.10.3
3 info using node@v6.3.1
4 verbose run-script [ 'preprotractor', 'protractor', 'postprotractor' ]
5 info lifecycle ng-edict@1.0.0~preprotractor: ng-edict@1.0.0
6 silly lifecycle ng-edict@1.0.0~preprotractor: no script for preprotractor, continuing
7 info lifecycle ng-edict@1.0.0~protractor: ng-edict@1.0.0
8 verbose lifecycle ng-edict@1.0.0~protractor: unsafe-perm in lifecycle true
9 verbose lifecycle ng-edict@1.0.0~protractor: PATH: /Users/mhmmd/.nvm/v6.3.1/lib/node_modules/npm/bin/node-gyp-bin:/Users/mhmmd/Desktop/ng-edict/challenge/ng-edict/node_modules/.bin:/Users/mhmmd/.nvm/v6.3.1/bin:/Users/mhmmd/.nvm/v6.3.1/bin:/Library/Frameworks/Python.framework/Versions/2.7/bin:/usr/local/bin:/usr/bin:/bin:/usr/sbin:/sbin:/opt/X11/bin:/usr/local/go/bin:/Users/mhmmd/Downloads/adt-bundle-mac-x86_64-20140702/sdk/platform-tools
10 verbose lifecycle ng-edict@1.0.0~protractor: CWD: /Users/mhmmd/Desktop/ng-edict/challenge/ng-edict
11 silly lifecycle ng-edict@1.0.0~protractor: Args: [ '-c',
11 silly lifecycle   'cross-env NODE_ENV=test ./node_modules/.bin/gulp protractor' ]
12 silly lifecycle ng-edict@1.0.0~protractor: Returned: code: 1  signal: null
13 info lifecycle ng-edict@1.0.0~protractor: Failed to exec protractor script
14 verbose stack Error: ng-edict@1.0.0 protractor: `cross-env NODE_ENV=test ./node_modules/.bin/gulp protractor`
14 verbose stack Exit status 1
14 verbose stack     at EventEmitter.<anonymous> (/Users/mhmmd/.nvm/v6.3.1/lib/node_modules/npm/lib/utils/lifecycle.js:242:16)
14 verbose stack     at emitTwo (events.js:106:13)
14 verbose stack     at EventEmitter.emit (events.js:191:7)
14 verbose stack     at ChildProcess.<anonymous> (/Users/mhmmd/.nvm/v6.3.1/lib/node_modules/npm/lib/utils/spawn.js:40:14)
14 verbose stack     at emitTwo (events.js:106:13)
14 verbose stack     at ChildProcess.emit (events.js:191:7)
14 verbose stack     at maybeClose (internal/child_process.js:852:16)
14 verbose stack     at Process.ChildProcess._handle.onexit (internal/child_process.js:215:5)
15 verbose pkgid ng-edict@1.0.0
16 verbose cwd /Users/mhmmd/Desktop/ng-edict/challenge/ng-edict
17 error Darwin 16.3.0
18 error argv "/Users/mhmmd/.nvm/v6.3.1/bin/node" "/Users/mhmmd/.nvm/v6.3.1/bin/npm" "run" "protractor"
19 error node v6.3.1
20 error npm  v3.10.3
21 error code ELIFECYCLE
22 error ng-edict@1.0.0 protractor: `cross-env NODE_ENV=test ./node_modules/.bin/gulp protractor`
22 error Exit status 1
23 error Failed at the ng-edict@1.0.0 protractor script 'cross-env NODE_ENV=test ./node_modules/.bin/gulp protractor'.
23 error Make sure you have the latest version of node.js and npm installed.
23 error If you do, this is most likely a problem with the ng-edict package,
23 error not with npm itself.
23 error Tell the author that this fails on your system:
23 error     cross-env NODE_ENV=test ./node_modules/.bin/gulp protractor
23 error You can get information on how to open an issue for this project with:
23 error     npm bugs ng-edict
23 error Or if that isn't available, you can get their info via:
23 error     npm owner ls ng-edict
23 error There is likely additional logging output above.
24 verbose exit [ 1, true ]
